<?xml version="1.0" encoding="UTF-8"?>
<testsuite xmlns:xsi="http://www.w3.org/2001/XMLSchema-instance" xsi:noNamespaceSchemaLocation="https://maven.apache.org/surefire/maven-surefire-plugin/xsd/surefire-test-report.xsd" version="3.0.2" name="BoutiqueOnline.BoutiqueOnlineApplicationTests" time="11.764" tests="1" errors="0" skipped="0" failures="0">
  <properties>
[...]
</properties>
  <testcase name="contextLoads" classname="BoutiqueOnline.BoutiqueOnlineApplicationTests" time="0.715">
    <system-out><![CDATA[08:49:59.855 [main] INFO org.springframework.test.context.support.AnnotationConfigContextLoaderUtils -- Could not detect default configuration classes for test class [BoutiqueOnline.BoutiqueOnlineApplicationTests]: BoutiqueOnlineApplicationTests does not declare any static, non-private, non-final, nested classes annotated with @Configuration.
08:50:00.081 [main] INFO org.springframework.boot.test.context.SpringBootTestContextBootstrapper -- Found @SpringBootConfiguration BoutiqueOnline.BoutiqueOnlineApplication for test class BoutiqueOnline.BoutiqueOnlineApplicationTests

  .   ____          _            __ _ _
 /\\ / ___'_ __ _ _(_)_ __  __ _ \ \ \ \
( ( )\___ | '_ | '_| | '_ \/ _` | \ \ \ \
 \\/  ___)| |_)| | | | | || (_| |  ) ) ) )
  '  |____| .__|_| |_|_| |_\__, | / / / /
 =========|_|==============|___/=/_/_/_/

 :: Spring Boot ::                (v3.4.5)

2025-06-08T08:50:01.074-05:00  INFO 9172 --- [           main] B.BoutiqueOnlineApplicationTests         : Starting BoutiqueOnlineApplicationTests using Java 20.0.2 with PID 9172 (started by lenovo in C:\Users\lenovo\OneDrive\Documentos\6 ciclo\Curso Integrado\BoutiqueOnline_MarDeModa)
2025-06-08T08:50:01.074-05:00  INFO 9172 --- [           main] B.BoutiqueOnlineApplicationTests         : No active profile set, falling back to 1 default profile: "default"
2025-06-08T08:50:03.005-05:00  INFO 9172 --- [           main] .s.d.r.c.RepositoryConfigurationDelegate : Multiple Spring Data modules found, entering strict repository configuration mode
2025-06-08T08:50:03.005-05:00  INFO 9172 --- [           main] .s.d.r.c.RepositoryConfigurationDelegate : Bootstrapping Spring Data JDBC repositories in DEFAULT mode.
2025-06-08T08:50:03.085-05:00  INFO 9172 --- [           main] .RepositoryConfigurationExtensionSupport : Spring Data JDBC - Could not safely identify store assignment for repository candidate interface BoutiqueOnline.repositorio.DetalleOrdenRepositorio; If you want this repository to be a JDBC repository, consider annotating your entities with one of these annotations: org.springframework.data.relational.core.mapping.Table.
2025-06-08T08:50:03.089-05:00  INFO 9172 --- [           main] .RepositoryConfigurationExtensionSupport : Spring Data JDBC - Could not safely identify store assignment for repository candidate interface BoutiqueOnline.repositorio.OrdenRepositorio; If you want this repository to be a JDBC repository, consider annotating your entities with one of these annotations: org.springframework.data.relational.core.mapping.Table.
2025-06-08T08:50:03.091-05:00  INFO 9172 --- [           main] .RepositoryConfigurationExtensionSupport : Spring Data JDBC - Could not safely identify store assignment for repository candidate interface BoutiqueOnline.repositorio.ProductoRepositorio; If you want this repository to be a JDBC repository, consider annotating your entities with one of these annotations: org.springframework.data.relational.core.mapping.Table.
2025-06-08T08:50:03.095-05:00  INFO 9172 --- [           main] .RepositoryConfigurationExtensionSupport : Spring Data JDBC - Could not safely identify store assignment for repository candidate interface BoutiqueOnline.repositorio.UsuarioRepositorio; If you want this repository to be a JDBC repository, consider annotating your entities with one of these annotations: org.springframework.data.relational.core.mapping.Table.
2025-06-08T08:50:03.095-05:00  INFO 9172 --- [           main] .s.d.r.c.RepositoryConfigurationDelegate : Finished Spring Data repository scanning in 77 ms. Found 0 JDBC repository interfaces.
2025-06-08T08:50:03.123-05:00  INFO 9172 --- [           main] .s.d.r.c.RepositoryConfigurationDelegate : Multiple Spring Data modules found, entering strict repository configuration mode
2025-06-08T08:50:03.125-05:00  INFO 9172 --- [           main] .s.d.r.c.RepositoryConfigurationDelegate : Bootstrapping Spring Data JPA repositories in DEFAULT mode.
2025-06-08T08:50:03.196-05:00  INFO 9172 --- [           main] .s.d.r.c.RepositoryConfigurationDelegate : Finished Spring Data repository scanning in 64 ms. Found 4 JPA repository interfaces.
2025-06-08T08:50:04.221-05:00  INFO 9172 --- [           main] o.hibernate.jpa.internal.util.LogHelper  : HHH000204: Processing PersistenceUnitInfo [name: default]
2025-06-08T08:50:04.355-05:00  INFO 9172 --- [           main] org.hibernate.Version                    : HHH000412: Hibernate ORM core version 6.6.13.Final
2025-06-08T08:50:04.426-05:00  INFO 9172 --- [           main] o.h.c.internal.RegionFactoryInitiator    : HHH000026: Second-level cache disabled
2025-06-08T08:50:04.706-05:00 DEBUG 9172 --- [           main] org.hibernate.type.BasicTypeRegistry     : Adding type registration boolean -> org.hibernate.type.BasicTypeReference@34009349
2025-06-08T08:50:04.706-05:00 DEBUG 9172 --- [           main] org.hibernate.type.BasicTypeRegistry     : Adding type registration boolean -> org.hibernate.type.BasicTypeReference@34009349
2025-06-08T08:50:04.706-05:00 DEBUG 9172 --- [           main] org.hibernate.type.BasicTypeRegistry     : Adding type registration java.lang.Boolean -> org.hibernate.type.BasicTypeReference@34009349
2025-06-08T08:50:04.706-05:00 DEBUG 9172 --- [           main] org.hibernate.type.BasicTypeRegistry     : Adding type registration numeric_boolean -> org.hibernate.type.BasicTypeReference@3f68a7f8
2025-06-08T08:50:04.706-05:00 DEBUG 9172 --- [           main] org.hibernate.type.BasicTypeRegistry     : Adding type registration org.hibernate.type.NumericBooleanConverter -> org.hibernate.type.BasicTypeReference@3f68a7f8
2025-06-08T08:50:04.706-05:00 DEBUG 9172 --- [           main] org.hibernate.type.BasicTypeRegistry     : Adding type registration true_false -> org.hibernate.type.BasicTypeReference@4faf1f4
2025-06-08T08:50:04.708-05:00 DEBUG 9172 --- [           main] org.hibernate.type.BasicTypeRegistry     : Adding type registration org.hibernate.type.TrueFalseConverter -> org.hibernate.type.BasicTypeReference@4faf1f4
2025-06-08T08:50:04.708-05:00 DEBUG 9172 --- [           main] org.hibernate.type.BasicTypeRegistry     : Adding type registration yes_no -> org.hibernate.type.BasicTypeReference@4f811029
2025-06-08T08:50:04.708-05:00 DEBUG 9172 --- [           main] org.hibernate.type.BasicTypeRegistry     : Adding type registration org.hibernate.type.YesNoConverter -> org.hibernate.type.BasicTypeReference@4f811029
2025-06-08T08:50:04.708-05:00 DEBUG 9172 --- [           main] org.hibernate.type.BasicTypeRegistry     : Adding type registration byte -> org.hibernate.type.BasicTypeReference@7f2b584b
2025-06-08T08:50:04.708-05:00 DEBUG 9172 --- [           main] org.hibernate.type.BasicTypeRegistry     : Adding type registration byte -> org.hibernate.type.BasicTypeReference@7f2b584b
2025-06-08T08:50:04.708-05:00 DEBUG 9172 --- [           main] org.hibernate.type.BasicTypeRegistry     : Adding type registration java.lang.Byte -> org.hibernate.type.BasicTypeReference@7f2b584b
2025-06-08T08:50:04.708-05:00 DEBUG 9172 --- [           main] org.hibernate.type.BasicTypeRegistry     : Adding type registration binary -> org.hibernate.type.BasicTypeReference@5866731
2025-06-08T08:50:04.710-05:00 DEBUG 9172 --- [           main] org.hibernate.type.BasicTypeRegistry     : Adding type registration byte[] -> org.hibernate.type.BasicTypeReference@5866731
2025-06-08T08:50:04.710-05:00 DEBUG 9172 --- [           main] org.hibernate.type.BasicTypeRegistry     : Adding type registration [B -> org.hibernate.type.BasicTypeReference@5866731
2025-06-08T08:50:04.710-05:00 DEBUG 9172 --- [           main] org.hibernate.type.BasicTypeRegistry     : Adding type registration binary_wrapper -> org.hibernate.type.BasicTypeReference@56a05324
2025-06-08T08:50:04.710-05:00 DEBUG 9172 --- [           main] org.hibernate.type.BasicTypeRegistry     : Adding type registration wrapper-binary -> org.hibernate.type.BasicTypeReference@56a05324
2025-06-08T08:50:04.710-05:00 DEBUG 9172 --- [           main] org.hibernate.type.BasicTypeRegistry     : Adding type registration image -> org.hibernate.type.BasicTypeReference@11e71181
2025-06-08T08:50:04.710-05:00 DEBUG 9172 --- [           main] org.hibernate.type.BasicTypeRegistry     : Adding type registration blob -> org.hibernate.type.BasicTypeReference@342beaf6
2025-06-08T08:50:04.711-05:00 DEBUG 9172 --- [           main] org.hibernate.type.BasicTypeRegistry     : Adding type registration java.sql.Blob -> org.hibernate.type.BasicTypeReference@342beaf6
2025-06-08T08:50:04.711-05:00 DEBUG 9172 --- [           main] org.hibernate.type.BasicTypeRegistry     : Adding type registration materialized_blob -> org.hibernate.type.BasicTypeReference@222acad
2025-06-08T08:50:04.711-05:00 DEBUG 9172 --- [           main] org.hibernate.type.BasicTypeRegistry     : Adding type registration materialized_blob_wrapper -> org.hibernate.type.BasicTypeReference@56cfe6be
2025-06-08T08:50:04.711-05:00 DEBUG 9172 --- [           main] org.hibernate.type.BasicTypeRegistry     : Adding type registration short -> org.hibernate.type.BasicTypeReference@7f0d8eff
2025-06-08T08:50:04.711-05:00 DEBUG 9172 --- [           main] org.hibernate.type.BasicTypeRegistry     : Adding type registration short -> org.hibernate.type.BasicTypeReference@7f0d8eff
2025-06-08T08:50:04.711-05:00 DEBUG 9172 --- [           main] org.hibernate.type.BasicTypeRegistry     : Adding type registration java.lang.Short -> org.hibernate.type.BasicTypeReference@7f0d8eff
2025-06-08T08:50:04.711-05:00 DEBUG 9172 --- [           main] org.hibernate.type.BasicTypeRegistry     : Adding type registration integer -> org.hibernate.type.BasicTypeReference@149aa7b2
2025-06-08T08:50:04.711-05:00 DEBUG 9172 --- [           main] org.hibernate.type.BasicTypeRegistry     : Adding type registration int -> org.hibernate.type.BasicTypeReference@149aa7b2
2025-06-08T08:50:04.711-05:00 DEBUG 9172 --- [           main] org.hibernate.type.BasicTypeRegistry     : Adding type registration java.lang.Integer -> org.hibernate.type.BasicTypeReference@149aa7b2
2025-06-08T08:50:04.711-05:00 DEBUG 9172 --- [           main] org.hibernate.type.BasicTypeRegistry     : Adding type registration long -> org.hibernate.type.BasicTypeReference@3ca3648
2025-06-08T08:50:04.714-05:00 DEBUG 9172 --- [           main] org.hibernate.type.BasicTypeRegistry     : Adding type registration long -> org.hibernate.type.BasicTypeReference@3ca3648
2025-06-08T08:50:04.714-05:00 DEBUG 9172 --- [           main] org.hibernate.type.BasicTypeRegistry     : Adding type registration java.lang.Long -> org.hibernate.type.BasicTypeReference@3ca3648
2025-06-08T08:50:04.714-05:00 DEBUG 9172 --- [           main] org.hibernate.type.BasicTypeRegistry     : Adding type registration float -> org.hibernate.type.BasicTypeReference@2a99ca99
2025-06-08T08:50:04.714-05:00 DEBUG 9172 --- [           main] org.hibernate.type.BasicTypeRegistry     : Adding type registration float -> org.hibernate.type.BasicTypeReference@2a99ca99
2025-06-08T08:50:04.714-05:00 DEBUG 9172 --- [           main] org.hibernate.type.BasicTypeRegistry     : Adding type registration java.lang.Float -> org.hibernate.type.BasicTypeReference@2a99ca99
2025-06-08T08:50:04.714-05:00 DEBUG 9172 --- [           main] org.hibernate.type.BasicTypeRegistry     : Adding type registration double -> org.hibernate.type.BasicTypeReference@39f0c343
2025-06-08T08:50:04.714-05:00 DEBUG 9172 --- [           main] org.hibernate.type.BasicTypeRegistry     : Adding type registration double -> org.hibernate.type.BasicTypeReference@39f0c343
2025-06-08T08:50:04.714-05:00 DEBUG 9172 --- [           main] org.hibernate.type.BasicTypeRegistry     : Adding type registration java.lang.Double -> org.hibernate.type.BasicTypeReference@39f0c343
2025-06-08T08:50:04.714-05:00 DEBUG 9172 --- [           main] org.hibernate.type.BasicTypeRegistry     : Adding type registration big_integer -> org.hibernate.type.BasicTypeReference@781654f8
2025-06-08T08:50:04.714-05:00 DEBUG 9172 --- [           main] org.hibernate.type.BasicTypeRegistry     : Adding type registration java.math.BigInteger -> org.hibernate.type.BasicTypeReference@781654f8
2025-06-08T08:50:04.714-05:00 DEBUG 9172 --- [           main] org.hibernate.type.BasicTypeRegistry     : Adding type registration big_decimal -> org.hibernate.type.BasicTypeReference@2abc55c4
2025-06-08T08:50:04.714-05:00 DEBUG 9172 --- [           main] org.hibernate.type.BasicTypeRegistry     : Adding type registration java.math.BigDecimal -> org.hibernate.type.BasicTypeReference@2abc55c4
2025-06-08T08:50:04.714-05:00 DEBUG 9172 --- [           main] org.hibernate.type.BasicTypeRegistry     : Adding type registration character -> org.hibernate.type.BasicTypeReference@4e958f08
2025-06-08T08:50:04.714-05:00 DEBUG 9172 --- [           main] org.hibernate.type.BasicTypeRegistry     : Adding type registration char -> org.hibernate.type.BasicTypeReference@4e958f08
2025-06-08T08:50:04.714-05:00 DEBUG 9172 --- [           main] org.hibernate.type.BasicTypeRegistry     : Adding type registration java.lang.Character -> org.hibernate.type.BasicTypeReference@4e958f08
2025-06-08T08:50:04.714-05:00 DEBUG 9172 --- [           main] org.hibernate.type.BasicTypeRegistry     : Adding type registration character_nchar -> org.hibernate.type.BasicTypeReference@71c0b742
2025-06-08T08:50:04.714-05:00 DEBUG 9172 --- [           main] org.hibernate.type.BasicTypeRegistry     : Adding type registration string -> org.hibernate.type.BasicTypeReference@3bbb8c16
2025-06-08T08:50:04.714-05:00 DEBUG 9172 --- [           main] org.hibernate.type.BasicTypeRegistry     : Adding type registration java.lang.String -> org.hibernate.type.BasicTypeReference@3bbb8c16
2025-06-08T08:50:04.714-05:00 DEBUG 9172 --- [           main] org.hibernate.type.BasicTypeRegistry     : Adding type registration nstring -> org.hibernate.type.BasicTypeReference@73e1ecd0
2025-06-08T08:50:04.714-05:00 DEBUG 9172 --- [           main] org.hibernate.type.BasicTypeRegistry     : Adding type registration characters -> org.hibernate.type.BasicTypeReference@11eec06b
2025-06-08T08:50:04.719-05:00 DEBUG 9172 --- [           main] org.hibernate.type.BasicTypeRegistry     : Adding type registration char[] -> org.hibernate.type.BasicTypeReference@11eec06b
2025-06-08T08:50:04.719-05:00 DEBUG 9172 --- [           main] org.hibernate.type.BasicTypeRegistry     : Adding type registration [C -> org.hibernate.type.BasicTypeReference@11eec06b
2025-06-08T08:50:04.719-05:00 DEBUG 9172 --- [           main] org.hibernate.type.BasicTypeRegistry     : Adding type registration wrapper-characters -> org.hibernate.type.BasicTypeReference@65600fb3
2025-06-08T08:50:04.719-05:00 DEBUG 9172 --- [           main] org.hibernate.type.BasicTypeRegistry     : Adding type registration text -> org.hibernate.type.BasicTypeReference@25ce435
2025-06-08T08:50:04.719-05:00 DEBUG 9172 --- [           main] org.hibernate.type.BasicTypeRegistry     : Adding type registration ntext -> org.hibernate.type.BasicTypeReference@7ea71fc2
2025-06-08T08:50:04.719-05:00 DEBUG 9172 --- [           main] org.hibernate.type.BasicTypeRegistry     : Adding type registration clob -> org.hibernate.type.BasicTypeReference@19ad75e5
2025-06-08T08:50:04.721-05:00 DEBUG 9172 --- [           main] org.hibernate.type.BasicTypeRegistry     : Adding type registration java.sql.Clob -> org.hibernate.type.BasicTypeReference@19ad75e5
2025-06-08T08:50:04.721-05:00 DEBUG 9172 --- [           main] org.hibernate.type.BasicTypeRegistry     : Adding type registration nclob -> org.hibernate.type.BasicTypeReference@7cd5fcf4
2025-06-08T08:50:04.721-05:00 DEBUG 9172 --- [           main] org.hibernate.type.BasicTypeRegistry     : Adding type registration java.sql.NClob -> org.hibernate.type.BasicTypeReference@7cd5fcf4
2025-06-08T08:50:04.721-05:00 DEBUG 9172 --- [           main] org.hibernate.type.BasicTypeRegistry     : Adding type registration materialized_clob -> org.hibernate.type.BasicTypeReference@19cdc217
2025-06-08T08:50:04.721-05:00 DEBUG 9172 --- [           main] org.hibernate.type.BasicTypeRegistry     : Adding type registration materialized_clob_char_array -> org.hibernate.type.BasicTypeReference@5f5297e3
2025-06-08T08:50:04.722-05:00 DEBUG 9172 --- [           main] org.hibernate.type.BasicTypeRegistry     : Adding type registration materialized_clob_character_array -> org.hibernate.type.BasicTypeReference@2d22d3b1
2025-06-08T08:50:04.722-05:00 DEBUG 9172 --- [           main] org.hibernate.type.BasicTypeRegistry     : Adding type registration materialized_nclob -> org.hibernate.type.BasicTypeReference@7ec3a8bd
2025-06-08T08:50:04.722-05:00 DEBUG 9172 --- [           main] org.hibernate.type.BasicTypeRegistry     : Adding type registration materialized_nclob_character_array -> org.hibernate.type.BasicTypeReference@9690008
2025-06-08T08:50:04.723-05:00 DEBUG 9172 --- [           main] org.hibernate.type.BasicTypeRegistry     : Adding type registration materialized_nclob_char_array -> org.hibernate.type.BasicTypeReference@42cf6349
2025-06-08T08:50:04.723-05:00 DEBUG 9172 --- [           main] org.hibernate.type.BasicTypeRegistry     : Adding type registration Duration -> org.hibernate.type.BasicTypeReference@79cb8ffa
2025-06-08T08:50:04.723-05:00 DEBUG 9172 --- [           main] org.hibernate.type.BasicTypeRegistry     : Adding type registration java.time.Duration -> org.hibernate.type.BasicTypeReference@79cb8ffa
2025-06-08T08:50:04.723-05:00 DEBUG 9172 --- [           main] org.hibernate.type.BasicTypeRegistry     : Adding type registration LocalDateTime -> org.hibernate.type.BasicTypeReference@1a2e563e
2025-06-08T08:50:04.723-05:00 DEBUG 9172 --- [           main] org.hibernate.type.BasicTypeRegistry     : Adding type registration java.time.LocalDateTime -> org.hibernate.type.BasicTypeReference@1a2e563e
2025-06-08T08:50:04.723-05:00 DEBUG 9172 --- [           main] org.hibernate.type.BasicTypeRegistry     : Adding type registration LocalDate -> org.hibernate.type.BasicTypeReference@5b066c33
2025-06-08T08:50:04.723-05:00 DEBUG 9172 --- [           main] org.hibernate.type.BasicTypeRegistry     : Adding type registration java.time.LocalDate -> org.hibernate.type.BasicTypeReference@5b066c33
2025-06-08T08:50:04.723-05:00 DEBUG 9172 --- [           main] org.hibernate.type.BasicTypeRegistry     : Adding type registration LocalTime -> org.hibernate.type.BasicTypeReference@62ea8931
2025-06-08T08:50:04.723-05:00 DEBUG 9172 --- [           main] org.hibernate.type.BasicTypeRegistry     : Adding type registration java.time.LocalTime -> org.hibernate.type.BasicTypeReference@62ea8931
2025-06-08T08:50:04.725-05:00 DEBUG 9172 --- [           main] org.hibernate.type.BasicTypeRegistry     : Adding type registration OffsetDateTime -> org.hibernate.type.BasicTypeReference@47fb7ec9
2025-06-08T08:50:04.725-05:00 DEBUG 9172 --- [           main] org.hibernate.type.BasicTypeRegistry     : Adding type registration java.time.OffsetDateTime -> org.hibernate.type.BasicTypeReference@47fb7ec9
2025-06-08T08:50:04.725-05:00 DEBUG 9172 --- [           main] org.hibernate.type.BasicTypeRegistry     : Adding type registration OffsetDateTimeWithTimezone -> org.hibernate.type.BasicTypeReference@2f8c4fae
2025-06-08T08:50:04.725-05:00 DEBUG 9172 --- [           main] org.hibernate.type.BasicTypeRegistry     : Adding type registration OffsetDateTimeWithoutTimezone -> org.hibernate.type.BasicTypeReference@4703c998
2025-06-08T08:50:04.725-05:00 DEBUG 9172 --- [           main] org.hibernate.type.BasicTypeRegistry     : Adding type registration OffsetTime -> org.hibernate.type.BasicTypeReference@71166348
2025-06-08T08:50:04.725-05:00 DEBUG 9172 --- [           main] org.hibernate.type.BasicTypeRegistry     : Adding type registration java.time.OffsetTime -> org.hibernate.type.BasicTypeReference@71166348
2025-06-08T08:50:04.725-05:00 DEBUG 9172 --- [           main] org.hibernate.type.BasicTypeRegistry     : Adding type registration OffsetTimeUtc -> org.hibernate.type.BasicTypeReference@6d874695
2025-06-08T08:50:04.725-05:00 DEBUG 9172 --- [           main] org.hibernate.type.BasicTypeRegistry     : Adding type registration OffsetTimeWithTimezone -> org.hibernate.type.BasicTypeReference@20bb85b4
2025-06-08T08:50:04.725-05:00 DEBUG 9172 --- [           main] org.hibernate.type.BasicTypeRegistry     : Adding type registration OffsetTimeWithoutTimezone -> org.hibernate.type.BasicTypeReference@79add732
2025-06-08T08:50:04.725-05:00 DEBUG 9172 --- [           main] org.hibernate.type.BasicTypeRegistry     : Adding type registration ZonedDateTime -> org.hibernate.type.BasicTypeReference@3be3e76c
2025-06-08T08:50:04.725-05:00 DEBUG 9172 --- [           main] org.hibernate.type.BasicTypeRegistry     : Adding type registration java.time.ZonedDateTime -> org.hibernate.type.BasicTypeReference@3be3e76c
2025-06-08T08:50:04.725-05:00 DEBUG 9172 --- [           main] org.hibernate.type.BasicTypeRegistry     : Adding type registration ZonedDateTimeWithTimezone -> org.hibernate.type.BasicTypeReference@6c07ad6b
2025-06-08T08:50:04.725-05:00 DEBUG 9172 --- [           main] org.hibernate.type.BasicTypeRegistry     : Adding type registration ZonedDateTimeWithoutTimezone -> org.hibernate.type.BasicTypeReference@10ed037a
2025-06-08T08:50:04.725-05:00 DEBUG 9172 --- [           main] org.hibernate.type.BasicTypeRegistry     : Adding type registration date -> org.hibernate.type.BasicTypeReference@76e4212
2025-06-08T08:50:04.725-05:00 DEBUG 9172 --- [           main] org.hibernate.type.BasicTypeRegistry     : Adding type registration java.sql.Date -> org.hibernate.type.BasicTypeReference@76e4212
2025-06-08T08:50:04.725-05:00 DEBUG 9172 --- [           main] org.hibernate.type.BasicTypeRegistry     : Adding type registration time -> org.hibernate.type.BasicTypeReference@23121d14
2025-06-08T08:50:04.728-05:00 DEBUG 9172 --- [           main] org.hibernate.type.BasicTypeRegistry     : Adding type registration java.sql.Time -> org.hibernate.type.BasicTypeReference@23121d14
2025-06-08T08:50:04.728-05:00 DEBUG 9172 --- [           main] org.hibernate.type.BasicTypeRegistry     : Adding type registration timestamp -> org.hibernate.type.BasicTypeReference@72af90e8
2025-06-08T08:50:04.728-05:00 DEBUG 9172 --- [           main] org.hibernate.type.BasicTypeRegistry     : Adding type registration java.sql.Timestamp -> org.hibernate.type.BasicTypeReference@72af90e8
2025-06-08T08:50:04.728-05:00 DEBUG 9172 --- [           main] org.hibernate.type.BasicTypeRegistry     : Adding type registration java.util.Date -> org.hibernate.type.BasicTypeReference@72af90e8
2025-06-08T08:50:04.728-05:00 DEBUG 9172 --- [           main] org.hibernate.type.BasicTypeRegistry     : Adding type registration calendar -> org.hibernate.type.BasicTypeReference@aa1bb14
2025-06-08T08:50:04.728-05:00 DEBUG 9172 --- [           main] org.hibernate.type.BasicTypeRegistry     : Adding type registration java.util.Calendar -> org.hibernate.type.BasicTypeReference@aa1bb14
2025-06-08T08:50:04.728-05:00 DEBUG 9172 --- [           main] org.hibernate.type.BasicTypeRegistry     : Adding type registration java.util.GregorianCalendar -> org.hibernate.type.BasicTypeReference@aa1bb14
2025-06-08T08:50:04.728-05:00 DEBUG 9172 --- [           main] org.hibernate.type.BasicTypeRegistry     : Adding type registration calendar_date -> org.hibernate.type.BasicTypeReference@7faa0680
2025-06-08T08:50:04.728-05:00 DEBUG 9172 --- [           main] org.hibernate.type.BasicTypeRegistry     : Adding type registration calendar_time -> org.hibernate.type.BasicTypeReference@4c635edc
2025-06-08T08:50:04.728-05:00 DEBUG 9172 --- [           main] org.hibernate.type.BasicTypeRegistry     : Adding type registration instant -> org.hibernate.type.BasicTypeReference@4245bf68
2025-06-08T08:50:04.730-05:00 DEBUG 9172 --- [           main] org.hibernate.type.BasicTypeRegistry     : Adding type registration java.time.Instant -> org.hibernate.type.BasicTypeReference@4245bf68
2025-06-08T08:50:04.730-05:00 DEBUG 9172 --- [           main] org.hibernate.type.BasicTypeRegistry     : Adding type registration uuid -> org.hibernate.type.BasicTypeReference@45bbc52f
2025-06-08T08:50:04.730-05:00 DEBUG 9172 --- [           main] org.hibernate.type.BasicTypeRegistry     : Adding type registration java.util.UUID -> org.hibernate.type.BasicTypeReference@45bbc52f
2025-06-08T08:50:04.730-05:00 DEBUG 9172 --- [           main] org.hibernate.type.BasicTypeRegistry     : Adding type registration pg-uuid -> org.hibernate.type.BasicTypeReference@45bbc52f
2025-06-08T08:50:04.730-05:00 DEBUG 9172 --- [           main] org.hibernate.type.BasicTypeRegistry     : Adding type registration uuid-binary -> org.hibernate.type.BasicTypeReference@6a8a551e
2025-06-08T08:50:04.730-05:00 DEBUG 9172 --- [           main] org.hibernate.type.BasicTypeRegistry     : Adding type registration uuid-char -> org.hibernate.type.BasicTypeReference@3cc9632d
2025-06-08T08:50:04.731-05:00 DEBUG 9172 --- [           main] org.hibernate.type.BasicTypeRegistry     : Adding type registration class -> org.hibernate.type.BasicTypeReference@53982523
2025-06-08T08:50:04.731-05:00 DEBUG 9172 --- [           main] org.hibernate.type.BasicTypeRegistry     : Adding type registration java.lang.Class -> org.hibernate.type.BasicTypeReference@53982523
2025-06-08T08:50:04.731-05:00 DEBUG 9172 --- [           main] org.hibernate.type.BasicTypeRegistry     : Adding type registration currency -> org.hibernate.type.BasicTypeReference@489110c2
2025-06-08T08:50:04.731-05:00 DEBUG 9172 --- [           main] org.hibernate.type.BasicTypeRegistry     : Adding type registration Currency -> org.hibernate.type.BasicTypeReference@489110c2
2025-06-08T08:50:04.731-05:00 DEBUG 9172 --- [           main] org.hibernate.type.BasicTypeRegistry     : Adding type registration java.util.Currency -> org.hibernate.type.BasicTypeReference@489110c2
2025-06-08T08:50:04.731-05:00 DEBUG 9172 --- [           main] org.hibernate.type.BasicTypeRegistry     : Adding type registration locale -> org.hibernate.type.BasicTypeReference@700b9e6b
2025-06-08T08:50:04.731-05:00 DEBUG 9172 --- [           main] org.hibernate.type.BasicTypeRegistry     : Adding type registration java.util.Locale -> org.hibernate.type.BasicTypeReference@700b9e6b
2025-06-08T08:50:04.731-05:00 DEBUG 9172 --- [           main] org.hibernate.type.BasicTypeRegistry     : Adding type registration serializable -> org.hibernate.type.BasicTypeReference@7ac5b4c
2025-06-08T08:50:04.731-05:00 DEBUG 9172 --- [           main] org.hibernate.type.BasicTypeRegistry     : Adding type registration java.io.Serializable -> org.hibernate.type.BasicTypeReference@7ac5b4c
2025-06-08T08:50:04.731-05:00 DEBUG 9172 --- [           main] org.hibernate.type.BasicTypeRegistry     : Adding type registration timezone -> org.hibernate.type.BasicTypeReference@150fc7a7
2025-06-08T08:50:04.731-05:00 DEBUG 9172 --- [           main] org.hibernate.type.BasicTypeRegistry     : Adding type registration java.util.TimeZone -> org.hibernate.type.BasicTypeReference@150fc7a7
2025-06-08T08:50:04.733-05:00 DEBUG 9172 --- [           main] org.hibernate.type.BasicTypeRegistry     : Adding type registration ZoneOffset -> org.hibernate.type.BasicTypeReference@55d8c2c4
2025-06-08T08:50:04.733-05:00 DEBUG 9172 --- [           main] org.hibernate.type.BasicTypeRegistry     : Adding type registration java.time.ZoneOffset -> org.hibernate.type.BasicTypeReference@55d8c2c4
2025-06-08T08:50:04.733-05:00 DEBUG 9172 --- [           main] org.hibernate.type.BasicTypeRegistry     : Adding type registration url -> org.hibernate.type.BasicTypeReference@798cf6d2
2025-06-08T08:50:04.733-05:00 DEBUG 9172 --- [           main] org.hibernate.type.BasicTypeRegistry     : Adding type registration java.net.URL -> org.hibernate.type.BasicTypeReference@798cf6d2
2025-06-08T08:50:04.733-05:00 DEBUG 9172 --- [           main] org.hibernate.type.BasicTypeRegistry     : Adding type registration vector -> org.hibernate.type.BasicTypeReference@1c1fa494
2025-06-08T08:50:04.733-05:00 DEBUG 9172 --- [           main] org.hibernate.type.BasicTypeRegistry     : Adding type registration float_vector -> org.hibernate.type.BasicTypeReference@77c66a4f
2025-06-08T08:50:04.733-05:00 DEBUG 9172 --- [           main] org.hibernate.type.BasicTypeRegistry     : Adding type registration double_vector -> org.hibernate.type.BasicTypeReference@649b5891
2025-06-08T08:50:04.733-05:00 DEBUG 9172 --- [           main] org.hibernate.type.BasicTypeRegistry     : Adding type registration byte_vector -> org.hibernate.type.BasicTypeReference@7a3f08b6
2025-06-08T08:50:04.733-05:00 DEBUG 9172 --- [           main] org.hibernate.type.BasicTypeRegistry     : Adding type registration row_version -> org.hibernate.type.BasicTypeReference@1be52861
2025-06-08T08:50:04.741-05:00 DEBUG 9172 --- [           main] org.hibernate.type.BasicTypeRegistry     : Adding type registration object -> org.hibernate.type.JavaObjectType@684ce74c
2025-06-08T08:50:04.741-05:00 DEBUG 9172 --- [           main] org.hibernate.type.BasicTypeRegistry     : Adding type registration java.lang.Object -> org.hibernate.type.JavaObjectType@684ce74c
2025-06-08T08:50:04.746-05:00 DEBUG 9172 --- [           main] org.hibernate.type.BasicTypeRegistry     : Adding type registration null -> org.hibernate.type.NullType@27da994b
2025-06-08T08:50:04.746-05:00 DEBUG 9172 --- [           main] org.hibernate.type.BasicTypeRegistry     : Adding type registration imm_date -> org.hibernate.type.BasicTypeReference@70f148dc
2025-06-08T08:50:04.746-05:00 DEBUG 9172 --- [           main] org.hibernate.type.BasicTypeRegistry     : Adding type registration imm_time -> org.hibernate.type.BasicTypeReference@3360283
2025-06-08T08:50:04.746-05:00 DEBUG 9172 --- [           main] org.hibernate.type.BasicTypeRegistry     : Adding type registration imm_timestamp -> org.hibernate.type.BasicTypeReference@77aea
2025-06-08T08:50:04.746-05:00 DEBUG 9172 --- [           main] org.hibernate.type.BasicTypeRegistry     : Adding type registration imm_calendar -> org.hibernate.type.BasicTypeReference@73e4bb60
2025-06-08T08:50:04.746-05:00 DEBUG 9172 --- [           main] org.hibernate.type.BasicTypeRegistry     : Adding type registration imm_calendar_date -> org.hibernate.type.BasicTypeReference@9a9aa68
2025-06-08T08:50:04.746-05:00 DEBUG 9172 --- [           main] org.hibernate.type.BasicTypeRegistry     : Adding type registration imm_calendar_time -> org.hibernate.type.BasicTypeReference@3a3883c4
2025-06-08T08:50:04.746-05:00 DEBUG 9172 --- [           main] org.hibernate.type.BasicTypeRegistry     : Adding type registration imm_binary -> org.hibernate.type.BasicTypeReference@1537e43
2025-06-08T08:50:04.746-05:00 DEBUG 9172 --- [           main] org.hibernate.type.BasicTypeRegistry     : Adding type registration imm_serializable -> org.hibernate.type.BasicTypeReference@573aeab2
2025-06-08T08:50:05.191-05:00  INFO 9172 --- [           main] o.s.o.j.p.SpringPersistenceUnitInfo      : No LoadTimeWeaver setup: ignoring JPA class transformer
2025-06-08T08:50:05.247-05:00  INFO 9172 --- [           main] com.zaxxer.hikari.HikariDataSource       : HikariPool-1 - Starting...
2025-06-08T08:50:06.031-05:00  INFO 9172 --- [           main] com.zaxxer.hikari.pool.HikariPool        : HikariPool-1 - Added connection com.mysql.cj.jdbc.ConnectionImpl@77204651
2025-06-08T08:50:06.031-05:00  INFO 9172 --- [           main] com.zaxxer.hikari.HikariDataSource       : HikariPool-1 - Start completed.
2025-06-08T08:50:06.157-05:00  WARN 9172 --- [           main] org.hibernate.orm.deprecation            : HHH90000025: MySQLDialect does not need to be specified explicitly using 'hibernate.dialect' (remove the property setting and it will be selected by default)
2025-06-08T08:50:06.202-05:00  INFO 9172 --- [           main] org.hibernate.orm.connections.pooling    : HHH10001005: Database info:
	Database JDBC URL [Connecting through datasource 'HikariDataSource (HikariPool-1)']
	Database driver: undefined/unknown
	Database version: 8.0.38
	Autocommit mode: undefined/unknown
	Isolation level: undefined/unknown
	Minimum pool size: undefined/unknown
	Maximum pool size: undefined/unknown
2025-06-08T08:50:06.215-05:00 DEBUG 9172 --- [           main] o.h.t.d.sql.spi.DdlTypeRegistry          : addDescriptor(12, org.hibernate.type.descriptor.sql.internal.CapacityDependentDdlType@98722ef) replaced previous registration(org.hibernate.type.descriptor.sql.internal.CapacityDependentDdlType@459e120b)
2025-06-08T08:50:06.215-05:00 DEBUG 9172 --- [           main] o.h.t.d.sql.spi.DdlTypeRegistry          : addDescriptor(-9, org.hibernate.type.descriptor.sql.internal.CapacityDependentDdlType@fd69983) replaced previous registration(org.hibernate.type.descriptor.sql.internal.CapacityDependentDdlType@22429a11)
2025-06-08T08:50:06.216-05:00 DEBUG 9172 --- [           main] o.h.t.d.sql.spi.DdlTypeRegistry          : addDescriptor(-3, org.hibernate.type.descriptor.sql.internal.CapacityDependentDdlType@126254ec) replaced previous registration(org.hibernate.type.descriptor.sql.internal.CapacityDependentDdlType@275902e1)
2025-06-08T08:50:06.216-05:00 DEBUG 9172 --- [           main] o.h.t.d.sql.spi.DdlTypeRegistry          : addDescriptor(4003, org.hibernate.type.descriptor.sql.internal.DdlTypeImpl@1c788d08) replaced previous registration(org.hibernate.type.descriptor.sql.internal.DdlTypeImpl@2adc1e84)
2025-06-08T08:50:06.216-05:00 DEBUG 9172 --- [           main] o.h.t.d.sql.spi.DdlTypeRegistry          : addDescriptor(4001, org.hibernate.type.descriptor.sql.internal.DdlTypeImpl@2a99fa07) replaced previous registration(org.hibernate.type.descriptor.sql.internal.DdlTypeImpl@45b8bbbf)
2025-06-08T08:50:06.216-05:00 DEBUG 9172 --- [           main] o.h.t.d.sql.spi.DdlTypeRegistry          : addDescriptor(4002, org.hibernate.type.descriptor.sql.internal.DdlTypeImpl@1df06ecd) replaced previous registration(org.hibernate.type.descriptor.sql.internal.DdlTypeImpl@57927bc9)
2025-06-08T08:50:06.216-05:00 DEBUG 9172 --- [           main] o.h.t.d.sql.spi.DdlTypeRegistry          : addDescriptor(2004, org.hibernate.type.descriptor.sql.internal.CapacityDependentDdlType@323efafe) replaced previous registration(org.hibernate.type.descriptor.sql.internal.DdlTypeImpl@32dbca45)
2025-06-08T08:50:06.216-05:00 DEBUG 9172 --- [           main] o.h.t.d.sql.spi.DdlTypeRegistry          : addDescriptor(2005, org.hibernate.type.descriptor.sql.internal.CapacityDependentDdlType@2cc34cd5) replaced previous registration(org.hibernate.type.descriptor.sql.internal.DdlTypeImpl@684b26b7)
2025-06-08T08:50:06.216-05:00 DEBUG 9172 --- [           main] o.h.t.d.sql.spi.DdlTypeRegistry          : addDescriptor(2011, org.hibernate.type.descriptor.sql.internal.CapacityDependentDdlType@2de7c84a) replaced previous registration(org.hibernate.type.descriptor.sql.internal.DdlTypeImpl@4182a651)
2025-06-08T08:50:06.220-05:00 DEBUG 9172 --- [           main] o.h.t.d.jdbc.spi.JdbcTypeRegistry        : addDescriptor(NCharTypeDescriptor) replaced previous registration(CharTypeDescriptor)
2025-06-08T08:50:06.222-05:00 DEBUG 9172 --- [           main] o.h.t.d.jdbc.spi.JdbcTypeRegistry        : addDescriptor(NVarcharTypeDescriptor) replaced previous registration(VarcharTypeDescriptor)
2025-06-08T08:50:06.223-05:00 DEBUG 9172 --- [           main] o.h.t.d.jdbc.spi.JdbcTypeRegistry        : addDescriptor(LongNVarcharTypeDescriptor) replaced previous registration(LongVarcharTypeDescriptor)
2025-06-08T08:50:06.228-05:00 DEBUG 9172 --- [           main] o.h.t.d.jdbc.spi.JdbcTypeRegistry        : addDescriptor(NClobTypeDescriptor(DEFAULT)) replaced previous registration(ClobTypeDescriptor(DEFAULT))
2025-06-08T08:50:06.236-05:00 DEBUG 9172 --- [           main] org.hibernate.type.BasicTypeRegistry     : Adding type registration null -> org.hibernate.type.NullType@1d06801f
2025-06-08T08:50:06.236-05:00 DEBUG 9172 --- [           main] org.hibernate.type.BasicTypeRegistry     : Type registration key [null] overrode previous entry : `org.hibernate.type.NullType@27da994b`
2025-06-08T08:50:06.246-05:00 DEBUG 9172 --- [           main] org.hibernate.type.BasicTypeRegistry     : Adding type registration org.hibernate.type.DurationType -> basicType@1(java.time.Duration,3015)
2025-06-08T08:50:06.246-05:00 DEBUG 9172 --- [           main] org.hibernate.type.BasicTypeRegistry     : Adding type registration Duration -> basicType@1(java.time.Duration,3015)
2025-06-08T08:50:06.246-05:00 DEBUG 9172 --- [           main] org.hibernate.type.BasicTypeRegistry     : Adding type registration java.time.Duration -> basicType@1(java.time.Duration,3015)
2025-06-08T08:50:06.250-05:00 DEBUG 9172 --- [           main] org.hibernate.type.BasicTypeRegistry     : Adding type registration org.hibernate.type.OffsetDateTimeType -> basicType@2(java.time.OffsetDateTime,3003)
2025-06-08T08:50:06.251-05:00 DEBUG 9172 --- [           main] org.hibernate.type.BasicTypeRegistry     : Adding type registration OffsetDateTime -> basicType@2(java.time.OffsetDateTime,3003)
2025-06-08T08:50:06.251-05:00 DEBUG 9172 --- [           main] org.hibernate.type.BasicTypeRegistry     : Adding type registration java.time.OffsetDateTime -> basicType@2(java.time.OffsetDateTime,3003)
2025-06-08T08:50:06.251-05:00 DEBUG 9172 --- [           main] org.hibernate.type.BasicTypeRegistry     : Adding type registration org.hibernate.type.ZonedDateTimeType -> basicType@3(java.time.ZonedDateTime,3003)
2025-06-08T08:50:06.251-05:00 DEBUG 9172 --- [           main] org.hibernate.type.BasicTypeRegistry     : Adding type registration ZonedDateTime -> basicType@3(java.time.ZonedDateTime,3003)
2025-06-08T08:50:06.251-05:00 DEBUG 9172 --- [           main] org.hibernate.type.BasicTypeRegistry     : Adding type registration java.time.ZonedDateTime -> basicType@3(java.time.ZonedDateTime,3003)
2025-06-08T08:50:06.252-05:00 DEBUG 9172 --- [           main] org.hibernate.type.BasicTypeRegistry     : Adding type registration org.hibernate.type.OffsetTimeType -> basicType@4(java.time.OffsetTime,3007)
2025-06-08T08:50:06.252-05:00 DEBUG 9172 --- [           main] org.hibernate.type.BasicTypeRegistry     : Adding type registration OffsetTime -> basicType@4(java.time.OffsetTime,3007)
2025-06-08T08:50:06.252-05:00 DEBUG 9172 --- [           main] org.hibernate.type.BasicTypeRegistry     : Adding type registration java.time.OffsetTime -> basicType@4(java.time.OffsetTime,3007)
2025-06-08T08:50:06.253-05:00 DEBUG 9172 --- [           main] o.h.type.spi.TypeConfiguration$Scope     : Scoping TypeConfiguration [org.hibernate.type.spi.TypeConfiguration@6b3b4f37] to MetadataBuildingContext [org.hibernate.boot.internal.MetadataBuildingContextRootImpl@3b25709e]
2025-06-08T08:50:07.938-05:00  INFO 9172 --- [           main] o.h.e.t.j.p.i.JtaPlatformInitiator       : HHH000489: No JTA platform available (set 'hibernate.transaction.jta.platform' to enable JTA platform integration)
2025-06-08T08:50:07.939-05:00 DEBUG 9172 --- [           main] o.h.type.spi.TypeConfiguration$Scope     : Scoping TypeConfiguration [org.hibernate.type.spi.TypeConfiguration@6b3b4f37] to SessionFactoryImplementor [org.hibernate.internal.SessionFactoryImpl@6067e7c1]
2025-06-08T08:50:08.184-05:00 TRACE 9172 --- [           main] o.h.type.spi.TypeConfiguration$Scope     : Handling #sessionFactoryCreated from [org.hibernate.internal.SessionFactoryImpl@6067e7c1] for TypeConfiguration
2025-06-08T08:50:08.185-05:00  INFO 9172 --- [           main] j.LocalContainerEntityManagerFactoryBean : Initialized JPA EntityManagerFactory for persistence unit 'default'
2025-06-08T08:50:08.962-05:00  WARN 9172 --- [           main] JpaBaseConfiguration$JpaWebConfiguration : spring.jpa.open-in-view is enabled by default. Therefore, database queries may be performed during view rendering. Explicitly configure spring.jpa.open-in-view to disable this warning
2025-06-08T08:50:09.016-05:00  INFO 9172 --- [           main] eAuthenticationProviderManagerConfigurer : Global AuthenticationManager configured with AuthenticationProvider bean with name authenticationProvider
2025-06-08T08:50:09.017-05:00  WARN 9172 --- [           main] r$InitializeUserDetailsManagerConfigurer : Global AuthenticationManager configured with an AuthenticationProvider bean. UserDetailsService beans will not be used by Spring Security for automatically configuring username/password login. Consider removing the AuthenticationProvider bean. Alternatively, consider using the UserDetailsService in a manually instantiated DaoAuthenticationProvider. If the current configuration is intentional, to turn off this warning, increase the logging level of 'org.springframework.security.config.annotation.authentication.configuration.InitializeUserDetailsBeanManagerConfigurer' to ERROR
2025-06-08T08:50:09.164-05:00  INFO 9172 --- [           main] o.s.b.a.w.s.WelcomePageHandlerMapping    : Adding welcome page template: index
2025-06-08T08:50:10.536-05:00  INFO 9172 --- [           main] B.BoutiqueOnlineApplicationTests         : Started BoutiqueOnlineApplicationTests in 10.045 seconds (process running for 12.886)
]]></system-out>
  </testcase>
</testsuite>