<?xml version="1.0" encoding="UTF-8"?>
<testsuite xmlns:xsi="http://www.w3.org/2001/XMLSchema-instance" xsi:noNamespaceSchemaLocation="https://maven.apache.org/surefire/maven-surefire-plugin/xsd/surefire-test-report.xsd" version="3.0.2" name="BoutiqueOnline.BoutiqueOnlineApplicationTests" time="11.986" tests="1" errors="0" skipped="0" failures="0">
  <properties>
[...]
</properties>
  <testcase name="contextLoads" classname="BoutiqueOnline.BoutiqueOnlineApplicationTests" time="0.939">
    <system-out><![CDATA[09:01:59.194 [main] INFO org.springframework.test.context.support.AnnotationConfigContextLoaderUtils -- Could not detect default configuration classes for test class [BoutiqueOnline.BoutiqueOnlineApplicationTests]: BoutiqueOnlineApplicationTests does not declare any static, non-private, non-final, nested classes annotated with @Configuration.
09:01:59.455 [main] INFO org.springframework.boot.test.context.SpringBootTestContextBootstrapper -- Found @SpringBootConfiguration BoutiqueOnline.BoutiqueOnlineApplication for test class BoutiqueOnline.BoutiqueOnlineApplicationTests

  .   ____          _            __ _ _
 /\\ / ___'_ __ _ _(_)_ __  __ _ \ \ \ \
( ( )\___ | '_ | '_| | '_ \/ _` | \ \ \ \
 \\/  ___)| |_)| | | | | || (_| |  ) ) ) )
  '  |____| .__|_| |_|_| |_\__, | / / / /
 =========|_|==============|___/=/_/_/_/

 :: Spring Boot ::                (v3.4.5)

2025-06-29T09:02:00.341-05:00  INFO 23172 --- [           main] B.BoutiqueOnlineApplicationTests         : Starting BoutiqueOnlineApplicationTests using Java 20.0.2 with PID 23172 (started by lenovo in C:\Users\lenovo\OneDrive\Documentos\6 ciclo\Curso Integrado\BoutiqueOnline_MarDeModa)
2025-06-29T09:02:00.344-05:00  INFO 23172 --- [           main] B.BoutiqueOnlineApplicationTests         : No active profile set, falling back to 1 default profile: "default"
2025-06-29T09:02:01.915-05:00  INFO 23172 --- [           main] .s.d.r.c.RepositoryConfigurationDelegate : Multiple Spring Data modules found, entering strict repository configuration mode
2025-06-29T09:02:01.916-05:00  INFO 23172 --- [           main] .s.d.r.c.RepositoryConfigurationDelegate : Bootstrapping Spring Data JDBC repositories in DEFAULT mode.
2025-06-29T09:02:01.984-05:00  INFO 23172 --- [           main] .RepositoryConfigurationExtensionSupport : Spring Data JDBC - Could not safely identify store assignment for repository candidate interface BoutiqueOnline.Repositorio.DetalleOrdenRepositorio; If you want this repository to be a JDBC repository, consider annotating your entities with one of these annotations: org.springframework.data.relational.core.mapping.Table.
2025-06-29T09:02:01.988-05:00  INFO 23172 --- [           main] .RepositoryConfigurationExtensionSupport : Spring Data JDBC - Could not safely identify store assignment for repository candidate interface BoutiqueOnline.Repositorio.OrdenRepositorio; If you want this repository to be a JDBC repository, consider annotating your entities with one of these annotations: org.springframework.data.relational.core.mapping.Table.
2025-06-29T09:02:01.993-05:00  INFO 23172 --- [           main] .RepositoryConfigurationExtensionSupport : Spring Data JDBC - Could not safely identify store assignment for repository candidate interface BoutiqueOnline.Repositorio.ProductoRepository; If you want this repository to be a JDBC repository, consider annotating your entities with one of these annotations: org.springframework.data.relational.core.mapping.Table.
2025-06-29T09:02:01.997-05:00  INFO 23172 --- [           main] .RepositoryConfigurationExtensionSupport : Spring Data JDBC - Could not safely identify store assignment for repository candidate interface BoutiqueOnline.Repositorio.UsuarioRepositorio; If you want this repository to be a JDBC repository, consider annotating your entities with one of these annotations: org.springframework.data.relational.core.mapping.Table.
2025-06-29T09:02:02.000-05:00  INFO 23172 --- [           main] .s.d.r.c.RepositoryConfigurationDelegate : Finished Spring Data repository scanning in 71 ms. Found 0 JDBC repository interfaces.
2025-06-29T09:02:02.028-05:00  INFO 23172 --- [           main] .s.d.r.c.RepositoryConfigurationDelegate : Multiple Spring Data modules found, entering strict repository configuration mode
2025-06-29T09:02:02.030-05:00  INFO 23172 --- [           main] .s.d.r.c.RepositoryConfigurationDelegate : Bootstrapping Spring Data JPA repositories in DEFAULT mode.
2025-06-29T09:02:02.113-05:00  INFO 23172 --- [           main] .s.d.r.c.RepositoryConfigurationDelegate : Finished Spring Data repository scanning in 71 ms. Found 4 JPA repository interfaces.
2025-06-29T09:02:03.092-05:00  INFO 23172 --- [           main] o.hibernate.jpa.internal.util.LogHelper  : HHH000204: Processing PersistenceUnitInfo [name: default]
2025-06-29T09:02:03.211-05:00  INFO 23172 --- [           main] org.hibernate.Version                    : HHH000412: Hibernate ORM core version 6.6.13.Final
2025-06-29T09:02:03.276-05:00  INFO 23172 --- [           main] o.h.c.internal.RegionFactoryInitiator    : HHH000026: Second-level cache disabled
2025-06-29T09:02:03.524-05:00 DEBUG 23172 --- [           main] org.hibernate.type.BasicTypeRegistry     : Adding type registration boolean -> org.hibernate.type.BasicTypeReference@755b5f30
2025-06-29T09:02:03.524-05:00 DEBUG 23172 --- [           main] org.hibernate.type.BasicTypeRegistry     : Adding type registration boolean -> org.hibernate.type.BasicTypeReference@755b5f30
2025-06-29T09:02:03.524-05:00 DEBUG 23172 --- [           main] org.hibernate.type.BasicTypeRegistry     : Adding type registration java.lang.Boolean -> org.hibernate.type.BasicTypeReference@755b5f30
2025-06-29T09:02:03.524-05:00 DEBUG 23172 --- [           main] org.hibernate.type.BasicTypeRegistry     : Adding type registration numeric_boolean -> org.hibernate.type.BasicTypeReference@29bbc63c
2025-06-29T09:02:03.524-05:00 DEBUG 23172 --- [           main] org.hibernate.type.BasicTypeRegistry     : Adding type registration org.hibernate.type.NumericBooleanConverter -> org.hibernate.type.BasicTypeReference@29bbc63c
2025-06-29T09:02:03.524-05:00 DEBUG 23172 --- [           main] org.hibernate.type.BasicTypeRegistry     : Adding type registration true_false -> org.hibernate.type.BasicTypeReference@272778ae
2025-06-29T09:02:03.524-05:00 DEBUG 23172 --- [           main] org.hibernate.type.BasicTypeRegistry     : Adding type registration org.hibernate.type.TrueFalseConverter -> org.hibernate.type.BasicTypeReference@272778ae
2025-06-29T09:02:03.524-05:00 DEBUG 23172 --- [           main] org.hibernate.type.BasicTypeRegistry     : Adding type registration yes_no -> org.hibernate.type.BasicTypeReference@2cccf134
2025-06-29T09:02:03.526-05:00 DEBUG 23172 --- [           main] org.hibernate.type.BasicTypeRegistry     : Adding type registration org.hibernate.type.YesNoConverter -> org.hibernate.type.BasicTypeReference@2cccf134
2025-06-29T09:02:03.526-05:00 DEBUG 23172 --- [           main] org.hibernate.type.BasicTypeRegistry     : Adding type registration byte -> org.hibernate.type.BasicTypeReference@3c18942
2025-06-29T09:02:03.526-05:00 DEBUG 23172 --- [           main] org.hibernate.type.BasicTypeRegistry     : Adding type registration byte -> org.hibernate.type.BasicTypeReference@3c18942
2025-06-29T09:02:03.526-05:00 DEBUG 23172 --- [           main] org.hibernate.type.BasicTypeRegistry     : Adding type registration java.lang.Byte -> org.hibernate.type.BasicTypeReference@3c18942
2025-06-29T09:02:03.526-05:00 DEBUG 23172 --- [           main] org.hibernate.type.BasicTypeRegistry     : Adding type registration binary -> org.hibernate.type.BasicTypeReference@743c3520
2025-06-29T09:02:03.526-05:00 DEBUG 23172 --- [           main] org.hibernate.type.BasicTypeRegistry     : Adding type registration byte[] -> org.hibernate.type.BasicTypeReference@743c3520
2025-06-29T09:02:03.526-05:00 DEBUG 23172 --- [           main] org.hibernate.type.BasicTypeRegistry     : Adding type registration [B -> org.hibernate.type.BasicTypeReference@743c3520
2025-06-29T09:02:03.526-05:00 DEBUG 23172 --- [           main] org.hibernate.type.BasicTypeRegistry     : Adding type registration binary_wrapper -> org.hibernate.type.BasicTypeReference@6842c101
2025-06-29T09:02:03.528-05:00 DEBUG 23172 --- [           main] org.hibernate.type.BasicTypeRegistry     : Adding type registration wrapper-binary -> org.hibernate.type.BasicTypeReference@6842c101
2025-06-29T09:02:03.528-05:00 DEBUG 23172 --- [           main] org.hibernate.type.BasicTypeRegistry     : Adding type registration image -> org.hibernate.type.BasicTypeReference@234cd86c
2025-06-29T09:02:03.528-05:00 DEBUG 23172 --- [           main] org.hibernate.type.BasicTypeRegistry     : Adding type registration blob -> org.hibernate.type.BasicTypeReference@2c48cede
2025-06-29T09:02:03.528-05:00 DEBUG 23172 --- [           main] org.hibernate.type.BasicTypeRegistry     : Adding type registration java.sql.Blob -> org.hibernate.type.BasicTypeReference@2c48cede
2025-06-29T09:02:03.528-05:00 DEBUG 23172 --- [           main] org.hibernate.type.BasicTypeRegistry     : Adding type registration materialized_blob -> org.hibernate.type.BasicTypeReference@39c87b42
2025-06-29T09:02:03.528-05:00 DEBUG 23172 --- [           main] org.hibernate.type.BasicTypeRegistry     : Adding type registration materialized_blob_wrapper -> org.hibernate.type.BasicTypeReference@47fcefb3
2025-06-29T09:02:03.528-05:00 DEBUG 23172 --- [           main] org.hibernate.type.BasicTypeRegistry     : Adding type registration short -> org.hibernate.type.BasicTypeReference@236c098
2025-06-29T09:02:03.528-05:00 DEBUG 23172 --- [           main] org.hibernate.type.BasicTypeRegistry     : Adding type registration short -> org.hibernate.type.BasicTypeReference@236c098
2025-06-29T09:02:03.528-05:00 DEBUG 23172 --- [           main] org.hibernate.type.BasicTypeRegistry     : Adding type registration java.lang.Short -> org.hibernate.type.BasicTypeReference@236c098
2025-06-29T09:02:03.528-05:00 DEBUG 23172 --- [           main] org.hibernate.type.BasicTypeRegistry     : Adding type registration integer -> org.hibernate.type.BasicTypeReference@68e2d03e
2025-06-29T09:02:03.530-05:00 DEBUG 23172 --- [           main] org.hibernate.type.BasicTypeRegistry     : Adding type registration int -> org.hibernate.type.BasicTypeReference@68e2d03e
2025-06-29T09:02:03.530-05:00 DEBUG 23172 --- [           main] org.hibernate.type.BasicTypeRegistry     : Adding type registration java.lang.Integer -> org.hibernate.type.BasicTypeReference@68e2d03e
2025-06-29T09:02:03.530-05:00 DEBUG 23172 --- [           main] org.hibernate.type.BasicTypeRegistry     : Adding type registration long -> org.hibernate.type.BasicTypeReference@120aa40b
2025-06-29T09:02:03.530-05:00 DEBUG 23172 --- [           main] org.hibernate.type.BasicTypeRegistry     : Adding type registration long -> org.hibernate.type.BasicTypeReference@120aa40b
2025-06-29T09:02:03.531-05:00 DEBUG 23172 --- [           main] org.hibernate.type.BasicTypeRegistry     : Adding type registration java.lang.Long -> org.hibernate.type.BasicTypeReference@120aa40b
2025-06-29T09:02:03.532-05:00 DEBUG 23172 --- [           main] org.hibernate.type.BasicTypeRegistry     : Adding type registration float -> org.hibernate.type.BasicTypeReference@32ab408e
2025-06-29T09:02:03.532-05:00 DEBUG 23172 --- [           main] org.hibernate.type.BasicTypeRegistry     : Adding type registration float -> org.hibernate.type.BasicTypeReference@32ab408e
2025-06-29T09:02:03.533-05:00 DEBUG 23172 --- [           main] org.hibernate.type.BasicTypeRegistry     : Adding type registration java.lang.Float -> org.hibernate.type.BasicTypeReference@32ab408e
2025-06-29T09:02:03.533-05:00 DEBUG 23172 --- [           main] org.hibernate.type.BasicTypeRegistry     : Adding type registration double -> org.hibernate.type.BasicTypeReference@6ad6443
2025-06-29T09:02:03.533-05:00 DEBUG 23172 --- [           main] org.hibernate.type.BasicTypeRegistry     : Adding type registration double -> org.hibernate.type.BasicTypeReference@6ad6443
2025-06-29T09:02:03.533-05:00 DEBUG 23172 --- [           main] org.hibernate.type.BasicTypeRegistry     : Adding type registration java.lang.Double -> org.hibernate.type.BasicTypeReference@6ad6443
2025-06-29T09:02:03.534-05:00 DEBUG 23172 --- [           main] org.hibernate.type.BasicTypeRegistry     : Adding type registration big_integer -> org.hibernate.type.BasicTypeReference@78b03788
2025-06-29T09:02:03.534-05:00 DEBUG 23172 --- [           main] org.hibernate.type.BasicTypeRegistry     : Adding type registration java.math.BigInteger -> org.hibernate.type.BasicTypeReference@78b03788
2025-06-29T09:02:03.534-05:00 DEBUG 23172 --- [           main] org.hibernate.type.BasicTypeRegistry     : Adding type registration big_decimal -> org.hibernate.type.BasicTypeReference@3f5dfe69
2025-06-29T09:02:03.534-05:00 DEBUG 23172 --- [           main] org.hibernate.type.BasicTypeRegistry     : Adding type registration java.math.BigDecimal -> org.hibernate.type.BasicTypeReference@3f5dfe69
2025-06-29T09:02:03.534-05:00 DEBUG 23172 --- [           main] org.hibernate.type.BasicTypeRegistry     : Adding type registration character -> org.hibernate.type.BasicTypeReference@571a663c
2025-06-29T09:02:03.534-05:00 DEBUG 23172 --- [           main] org.hibernate.type.BasicTypeRegistry     : Adding type registration char -> org.hibernate.type.BasicTypeReference@571a663c
2025-06-29T09:02:03.534-05:00 DEBUG 23172 --- [           main] org.hibernate.type.BasicTypeRegistry     : Adding type registration java.lang.Character -> org.hibernate.type.BasicTypeReference@571a663c
2025-06-29T09:02:03.534-05:00 DEBUG 23172 --- [           main] org.hibernate.type.BasicTypeRegistry     : Adding type registration character_nchar -> org.hibernate.type.BasicTypeReference@3a788fe0
2025-06-29T09:02:03.535-05:00 DEBUG 23172 --- [           main] org.hibernate.type.BasicTypeRegistry     : Adding type registration string -> org.hibernate.type.BasicTypeReference@430df350
2025-06-29T09:02:03.535-05:00 DEBUG 23172 --- [           main] org.hibernate.type.BasicTypeRegistry     : Adding type registration java.lang.String -> org.hibernate.type.BasicTypeReference@430df350
2025-06-29T09:02:03.535-05:00 DEBUG 23172 --- [           main] org.hibernate.type.BasicTypeRegistry     : Adding type registration nstring -> org.hibernate.type.BasicTypeReference@1373e3ee
2025-06-29T09:02:03.535-05:00 DEBUG 23172 --- [           main] org.hibernate.type.BasicTypeRegistry     : Adding type registration characters -> org.hibernate.type.BasicTypeReference@175c5c3a
2025-06-29T09:02:03.535-05:00 DEBUG 23172 --- [           main] org.hibernate.type.BasicTypeRegistry     : Adding type registration char[] -> org.hibernate.type.BasicTypeReference@175c5c3a
2025-06-29T09:02:03.536-05:00 DEBUG 23172 --- [           main] org.hibernate.type.BasicTypeRegistry     : Adding type registration [C -> org.hibernate.type.BasicTypeReference@175c5c3a
2025-06-29T09:02:03.536-05:00 DEBUG 23172 --- [           main] org.hibernate.type.BasicTypeRegistry     : Adding type registration wrapper-characters -> org.hibernate.type.BasicTypeReference@69a5c6be
2025-06-29T09:02:03.536-05:00 DEBUG 23172 --- [           main] org.hibernate.type.BasicTypeRegistry     : Adding type registration text -> org.hibernate.type.BasicTypeReference@451e2fa9
2025-06-29T09:02:03.536-05:00 DEBUG 23172 --- [           main] org.hibernate.type.BasicTypeRegistry     : Adding type registration ntext -> org.hibernate.type.BasicTypeReference@497ed877
2025-06-29T09:02:03.536-05:00 DEBUG 23172 --- [           main] org.hibernate.type.BasicTypeRegistry     : Adding type registration clob -> org.hibernate.type.BasicTypeReference@3cb6e0ee
2025-06-29T09:02:03.538-05:00 DEBUG 23172 --- [           main] org.hibernate.type.BasicTypeRegistry     : Adding type registration java.sql.Clob -> org.hibernate.type.BasicTypeReference@3cb6e0ee
2025-06-29T09:02:03.538-05:00 DEBUG 23172 --- [           main] org.hibernate.type.BasicTypeRegistry     : Adding type registration nclob -> org.hibernate.type.BasicTypeReference@7b6141f0
2025-06-29T09:02:03.538-05:00 DEBUG 23172 --- [           main] org.hibernate.type.BasicTypeRegistry     : Adding type registration java.sql.NClob -> org.hibernate.type.BasicTypeReference@7b6141f0
2025-06-29T09:02:03.538-05:00 DEBUG 23172 --- [           main] org.hibernate.type.BasicTypeRegistry     : Adding type registration materialized_clob -> org.hibernate.type.BasicTypeReference@4fb64a52
2025-06-29T09:02:03.538-05:00 DEBUG 23172 --- [           main] org.hibernate.type.BasicTypeRegistry     : Adding type registration materialized_clob_char_array -> org.hibernate.type.BasicTypeReference@70b48eb3
2025-06-29T09:02:03.539-05:00 DEBUG 23172 --- [           main] org.hibernate.type.BasicTypeRegistry     : Adding type registration materialized_clob_character_array -> org.hibernate.type.BasicTypeReference@7b8ea1db
2025-06-29T09:02:03.539-05:00 DEBUG 23172 --- [           main] org.hibernate.type.BasicTypeRegistry     : Adding type registration materialized_nclob -> org.hibernate.type.BasicTypeReference@a91119b
2025-06-29T09:02:03.539-05:00 DEBUG 23172 --- [           main] org.hibernate.type.BasicTypeRegistry     : Adding type registration materialized_nclob_character_array -> org.hibernate.type.BasicTypeReference@77083e41
2025-06-29T09:02:03.539-05:00 DEBUG 23172 --- [           main] org.hibernate.type.BasicTypeRegistry     : Adding type registration materialized_nclob_char_array -> org.hibernate.type.BasicTypeReference@231df705
2025-06-29T09:02:03.540-05:00 DEBUG 23172 --- [           main] org.hibernate.type.BasicTypeRegistry     : Adding type registration Duration -> org.hibernate.type.BasicTypeReference@2d130ac4
2025-06-29T09:02:03.540-05:00 DEBUG 23172 --- [           main] org.hibernate.type.BasicTypeRegistry     : Adding type registration java.time.Duration -> org.hibernate.type.BasicTypeReference@2d130ac4
2025-06-29T09:02:03.540-05:00 DEBUG 23172 --- [           main] org.hibernate.type.BasicTypeRegistry     : Adding type registration LocalDateTime -> org.hibernate.type.BasicTypeReference@2f0ccb34
2025-06-29T09:02:03.540-05:00 DEBUG 23172 --- [           main] org.hibernate.type.BasicTypeRegistry     : Adding type registration java.time.LocalDateTime -> org.hibernate.type.BasicTypeReference@2f0ccb34
2025-06-29T09:02:03.541-05:00 DEBUG 23172 --- [           main] org.hibernate.type.BasicTypeRegistry     : Adding type registration LocalDate -> org.hibernate.type.BasicTypeReference@194012a2
2025-06-29T09:02:03.541-05:00 DEBUG 23172 --- [           main] org.hibernate.type.BasicTypeRegistry     : Adding type registration java.time.LocalDate -> org.hibernate.type.BasicTypeReference@194012a2
2025-06-29T09:02:03.541-05:00 DEBUG 23172 --- [           main] org.hibernate.type.BasicTypeRegistry     : Adding type registration LocalTime -> org.hibernate.type.BasicTypeReference@55296b50
2025-06-29T09:02:03.541-05:00 DEBUG 23172 --- [           main] org.hibernate.type.BasicTypeRegistry     : Adding type registration java.time.LocalTime -> org.hibernate.type.BasicTypeReference@55296b50
2025-06-29T09:02:03.541-05:00 DEBUG 23172 --- [           main] org.hibernate.type.BasicTypeRegistry     : Adding type registration OffsetDateTime -> org.hibernate.type.BasicTypeReference@60591e1b
2025-06-29T09:02:03.541-05:00 DEBUG 23172 --- [           main] org.hibernate.type.BasicTypeRegistry     : Adding type registration java.time.OffsetDateTime -> org.hibernate.type.BasicTypeReference@60591e1b
2025-06-29T09:02:03.542-05:00 DEBUG 23172 --- [           main] org.hibernate.type.BasicTypeRegistry     : Adding type registration OffsetDateTimeWithTimezone -> org.hibernate.type.BasicTypeReference@29c53c4f
2025-06-29T09:02:03.542-05:00 DEBUG 23172 --- [           main] org.hibernate.type.BasicTypeRegistry     : Adding type registration OffsetDateTimeWithoutTimezone -> org.hibernate.type.BasicTypeReference@3009eed7
2025-06-29T09:02:03.542-05:00 DEBUG 23172 --- [           main] org.hibernate.type.BasicTypeRegistry     : Adding type registration OffsetTime -> org.hibernate.type.BasicTypeReference@2ee4706d
2025-06-29T09:02:03.542-05:00 DEBUG 23172 --- [           main] org.hibernate.type.BasicTypeRegistry     : Adding type registration java.time.OffsetTime -> org.hibernate.type.BasicTypeReference@2ee4706d
2025-06-29T09:02:03.542-05:00 DEBUG 23172 --- [           main] org.hibernate.type.BasicTypeRegistry     : Adding type registration OffsetTimeUtc -> org.hibernate.type.BasicTypeReference@6650a6c
2025-06-29T09:02:03.543-05:00 DEBUG 23172 --- [           main] org.hibernate.type.BasicTypeRegistry     : Adding type registration OffsetTimeWithTimezone -> org.hibernate.type.BasicTypeReference@64279ab
2025-06-29T09:02:03.543-05:00 DEBUG 23172 --- [           main] org.hibernate.type.BasicTypeRegistry     : Adding type registration OffsetTimeWithoutTimezone -> org.hibernate.type.BasicTypeReference@794240e2
2025-06-29T09:02:03.543-05:00 DEBUG 23172 --- [           main] org.hibernate.type.BasicTypeRegistry     : Adding type registration ZonedDateTime -> org.hibernate.type.BasicTypeReference@74a820bf
2025-06-29T09:02:03.543-05:00 DEBUG 23172 --- [           main] org.hibernate.type.BasicTypeRegistry     : Adding type registration java.time.ZonedDateTime -> org.hibernate.type.BasicTypeReference@74a820bf
2025-06-29T09:02:03.543-05:00 DEBUG 23172 --- [           main] org.hibernate.type.BasicTypeRegistry     : Adding type registration ZonedDateTimeWithTimezone -> org.hibernate.type.BasicTypeReference@5a30722c
2025-06-29T09:02:03.543-05:00 DEBUG 23172 --- [           main] org.hibernate.type.BasicTypeRegistry     : Adding type registration ZonedDateTimeWithoutTimezone -> org.hibernate.type.BasicTypeReference@4f2ac7e0
2025-06-29T09:02:03.544-05:00 DEBUG 23172 --- [           main] org.hibernate.type.BasicTypeRegistry     : Adding type registration date -> org.hibernate.type.BasicTypeReference@2484dbb7
2025-06-29T09:02:03.544-05:00 DEBUG 23172 --- [           main] org.hibernate.type.BasicTypeRegistry     : Adding type registration java.sql.Date -> org.hibernate.type.BasicTypeReference@2484dbb7
2025-06-29T09:02:03.544-05:00 DEBUG 23172 --- [           main] org.hibernate.type.BasicTypeRegistry     : Adding type registration time -> org.hibernate.type.BasicTypeReference@111cba40
2025-06-29T09:02:03.545-05:00 DEBUG 23172 --- [           main] org.hibernate.type.BasicTypeRegistry     : Adding type registration java.sql.Time -> org.hibernate.type.BasicTypeReference@111cba40
2025-06-29T09:02:03.545-05:00 DEBUG 23172 --- [           main] org.hibernate.type.BasicTypeRegistry     : Adding type registration timestamp -> org.hibernate.type.BasicTypeReference@48e41b5d
2025-06-29T09:02:03.545-05:00 DEBUG 23172 --- [           main] org.hibernate.type.BasicTypeRegistry     : Adding type registration java.sql.Timestamp -> org.hibernate.type.BasicTypeReference@48e41b5d
2025-06-29T09:02:03.545-05:00 DEBUG 23172 --- [           main] org.hibernate.type.BasicTypeRegistry     : Adding type registration java.util.Date -> org.hibernate.type.BasicTypeReference@48e41b5d
2025-06-29T09:02:03.545-05:00 DEBUG 23172 --- [           main] org.hibernate.type.BasicTypeRegistry     : Adding type registration calendar -> org.hibernate.type.BasicTypeReference@51e8d066
2025-06-29T09:02:03.545-05:00 DEBUG 23172 --- [           main] org.hibernate.type.BasicTypeRegistry     : Adding type registration java.util.Calendar -> org.hibernate.type.BasicTypeReference@51e8d066
2025-06-29T09:02:03.545-05:00 DEBUG 23172 --- [           main] org.hibernate.type.BasicTypeRegistry     : Adding type registration java.util.GregorianCalendar -> org.hibernate.type.BasicTypeReference@51e8d066
2025-06-29T09:02:03.546-05:00 DEBUG 23172 --- [           main] org.hibernate.type.BasicTypeRegistry     : Adding type registration calendar_date -> org.hibernate.type.BasicTypeReference@5333f08f
2025-06-29T09:02:03.546-05:00 DEBUG 23172 --- [           main] org.hibernate.type.BasicTypeRegistry     : Adding type registration calendar_time -> org.hibernate.type.BasicTypeReference@27898e13
2025-06-29T09:02:03.546-05:00 DEBUG 23172 --- [           main] org.hibernate.type.BasicTypeRegistry     : Adding type registration instant -> org.hibernate.type.BasicTypeReference@4f5f474c
2025-06-29T09:02:03.546-05:00 DEBUG 23172 --- [           main] org.hibernate.type.BasicTypeRegistry     : Adding type registration java.time.Instant -> org.hibernate.type.BasicTypeReference@4f5f474c
2025-06-29T09:02:03.546-05:00 DEBUG 23172 --- [           main] org.hibernate.type.BasicTypeRegistry     : Adding type registration uuid -> org.hibernate.type.BasicTypeReference@58a3d521
2025-06-29T09:02:03.546-05:00 DEBUG 23172 --- [           main] org.hibernate.type.BasicTypeRegistry     : Adding type registration java.util.UUID -> org.hibernate.type.BasicTypeReference@58a3d521
2025-06-29T09:02:03.546-05:00 DEBUG 23172 --- [           main] org.hibernate.type.BasicTypeRegistry     : Adding type registration pg-uuid -> org.hibernate.type.BasicTypeReference@58a3d521
2025-06-29T09:02:03.547-05:00 DEBUG 23172 --- [           main] org.hibernate.type.BasicTypeRegistry     : Adding type registration uuid-binary -> org.hibernate.type.BasicTypeReference@14d8e132
2025-06-29T09:02:03.547-05:00 DEBUG 23172 --- [           main] org.hibernate.type.BasicTypeRegistry     : Adding type registration uuid-char -> org.hibernate.type.BasicTypeReference@7f4a1cac
2025-06-29T09:02:03.547-05:00 DEBUG 23172 --- [           main] org.hibernate.type.BasicTypeRegistry     : Adding type registration class -> org.hibernate.type.BasicTypeReference@4a1a412e
2025-06-29T09:02:03.547-05:00 DEBUG 23172 --- [           main] org.hibernate.type.BasicTypeRegistry     : Adding type registration java.lang.Class -> org.hibernate.type.BasicTypeReference@4a1a412e
2025-06-29T09:02:03.547-05:00 DEBUG 23172 --- [           main] org.hibernate.type.BasicTypeRegistry     : Adding type registration currency -> org.hibernate.type.BasicTypeReference@c568f91
2025-06-29T09:02:03.548-05:00 DEBUG 23172 --- [           main] org.hibernate.type.BasicTypeRegistry     : Adding type registration Currency -> org.hibernate.type.BasicTypeReference@c568f91
2025-06-29T09:02:03.548-05:00 DEBUG 23172 --- [           main] org.hibernate.type.BasicTypeRegistry     : Adding type registration java.util.Currency -> org.hibernate.type.BasicTypeReference@c568f91
2025-06-29T09:02:03.548-05:00 DEBUG 23172 --- [           main] org.hibernate.type.BasicTypeRegistry     : Adding type registration locale -> org.hibernate.type.BasicTypeReference@5fd43e58
2025-06-29T09:02:03.548-05:00 DEBUG 23172 --- [           main] org.hibernate.type.BasicTypeRegistry     : Adding type registration java.util.Locale -> org.hibernate.type.BasicTypeReference@5fd43e58
2025-06-29T09:02:03.549-05:00 DEBUG 23172 --- [           main] org.hibernate.type.BasicTypeRegistry     : Adding type registration serializable -> org.hibernate.type.BasicTypeReference@70d4f672
2025-06-29T09:02:03.549-05:00 DEBUG 23172 --- [           main] org.hibernate.type.BasicTypeRegistry     : Adding type registration java.io.Serializable -> org.hibernate.type.BasicTypeReference@70d4f672
2025-06-29T09:02:03.549-05:00 DEBUG 23172 --- [           main] org.hibernate.type.BasicTypeRegistry     : Adding type registration timezone -> org.hibernate.type.BasicTypeReference@68dfda77
2025-06-29T09:02:03.549-05:00 DEBUG 23172 --- [           main] org.hibernate.type.BasicTypeRegistry     : Adding type registration java.util.TimeZone -> org.hibernate.type.BasicTypeReference@68dfda77
2025-06-29T09:02:03.550-05:00 DEBUG 23172 --- [           main] org.hibernate.type.BasicTypeRegistry     : Adding type registration ZoneOffset -> org.hibernate.type.BasicTypeReference@50cdfafa
2025-06-29T09:02:03.550-05:00 DEBUG 23172 --- [           main] org.hibernate.type.BasicTypeRegistry     : Adding type registration java.time.ZoneOffset -> org.hibernate.type.BasicTypeReference@50cdfafa
2025-06-29T09:02:03.550-05:00 DEBUG 23172 --- [           main] org.hibernate.type.BasicTypeRegistry     : Adding type registration url -> org.hibernate.type.BasicTypeReference@2e952845
2025-06-29T09:02:03.550-05:00 DEBUG 23172 --- [           main] org.hibernate.type.BasicTypeRegistry     : Adding type registration java.net.URL -> org.hibernate.type.BasicTypeReference@2e952845
2025-06-29T09:02:03.550-05:00 DEBUG 23172 --- [           main] org.hibernate.type.BasicTypeRegistry     : Adding type registration vector -> org.hibernate.type.BasicTypeReference@79252c83
2025-06-29T09:02:03.551-05:00 DEBUG 23172 --- [           main] org.hibernate.type.BasicTypeRegistry     : Adding type registration float_vector -> org.hibernate.type.BasicTypeReference@6fbf5db2
2025-06-29T09:02:03.551-05:00 DEBUG 23172 --- [           main] org.hibernate.type.BasicTypeRegistry     : Adding type registration double_vector -> org.hibernate.type.BasicTypeReference@509a6095
2025-06-29T09:02:03.551-05:00 DEBUG 23172 --- [           main] org.hibernate.type.BasicTypeRegistry     : Adding type registration byte_vector -> org.hibernate.type.BasicTypeReference@57cabdc3
2025-06-29T09:02:03.551-05:00 DEBUG 23172 --- [           main] org.hibernate.type.BasicTypeRegistry     : Adding type registration row_version -> org.hibernate.type.BasicTypeReference@75bd28d
2025-06-29T09:02:03.561-05:00 DEBUG 23172 --- [           main] org.hibernate.type.BasicTypeRegistry     : Adding type registration object -> org.hibernate.type.JavaObjectType@377dfb8d
2025-06-29T09:02:03.561-05:00 DEBUG 23172 --- [           main] org.hibernate.type.BasicTypeRegistry     : Adding type registration java.lang.Object -> org.hibernate.type.JavaObjectType@377dfb8d
2025-06-29T09:02:03.561-05:00 DEBUG 23172 --- [           main] org.hibernate.type.BasicTypeRegistry     : Adding type registration null -> org.hibernate.type.NullType@629075f4
2025-06-29T09:02:03.564-05:00 DEBUG 23172 --- [           main] org.hibernate.type.BasicTypeRegistry     : Adding type registration imm_date -> org.hibernate.type.BasicTypeReference@48499739
2025-06-29T09:02:03.564-05:00 DEBUG 23172 --- [           main] org.hibernate.type.BasicTypeRegistry     : Adding type registration imm_time -> org.hibernate.type.BasicTypeReference@723742b2
2025-06-29T09:02:03.565-05:00 DEBUG 23172 --- [           main] org.hibernate.type.BasicTypeRegistry     : Adding type registration imm_timestamp -> org.hibernate.type.BasicTypeReference@559991f5
2025-06-29T09:02:03.565-05:00 DEBUG 23172 --- [           main] org.hibernate.type.BasicTypeRegistry     : Adding type registration imm_calendar -> org.hibernate.type.BasicTypeReference@34c76167
2025-06-29T09:02:03.565-05:00 DEBUG 23172 --- [           main] org.hibernate.type.BasicTypeRegistry     : Adding type registration imm_calendar_date -> org.hibernate.type.BasicTypeReference@30b3d899
2025-06-29T09:02:03.565-05:00 DEBUG 23172 --- [           main] org.hibernate.type.BasicTypeRegistry     : Adding type registration imm_calendar_time -> org.hibernate.type.BasicTypeReference@78d92eef
2025-06-29T09:02:03.566-05:00 DEBUG 23172 --- [           main] org.hibernate.type.BasicTypeRegistry     : Adding type registration imm_binary -> org.hibernate.type.BasicTypeReference@61d60e38
2025-06-29T09:02:03.566-05:00 DEBUG 23172 --- [           main] org.hibernate.type.BasicTypeRegistry     : Adding type registration imm_serializable -> org.hibernate.type.BasicTypeReference@6e95973c
2025-06-29T09:02:04.069-05:00  INFO 23172 --- [           main] o.s.o.j.p.SpringPersistenceUnitInfo      : No LoadTimeWeaver setup: ignoring JPA class transformer
2025-06-29T09:02:04.135-05:00  INFO 23172 --- [           main] com.zaxxer.hikari.HikariDataSource       : HikariPool-1 - Starting...
2025-06-29T09:02:05.024-05:00  INFO 23172 --- [           main] com.zaxxer.hikari.pool.HikariPool        : HikariPool-1 - Added connection com.mysql.cj.jdbc.ConnectionImpl@64665781
2025-06-29T09:02:05.027-05:00  INFO 23172 --- [           main] com.zaxxer.hikari.HikariDataSource       : HikariPool-1 - Start completed.
2025-06-29T09:02:05.146-05:00  WARN 23172 --- [           main] org.hibernate.orm.deprecation            : HHH90000025: MySQLDialect does not need to be specified explicitly using 'hibernate.dialect' (remove the property setting and it will be selected by default)
2025-06-29T09:02:05.205-05:00  INFO 23172 --- [           main] org.hibernate.orm.connections.pooling    : HHH10001005: Database info:
	Database JDBC URL [Connecting through datasource 'HikariDataSource (HikariPool-1)']
	Database driver: undefined/unknown
	Database version: 8.0.38
	Autocommit mode: undefined/unknown
	Isolation level: undefined/unknown
	Minimum pool size: undefined/unknown
	Maximum pool size: undefined/unknown
2025-06-29T09:02:05.222-05:00 DEBUG 23172 --- [           main] o.h.t.d.sql.spi.DdlTypeRegistry          : addDescriptor(12, org.hibernate.type.descriptor.sql.internal.CapacityDependentDdlType@5e1d1524) replaced previous registration(org.hibernate.type.descriptor.sql.internal.CapacityDependentDdlType@d0a2c82)
2025-06-29T09:02:05.223-05:00 DEBUG 23172 --- [           main] o.h.t.d.sql.spi.DdlTypeRegistry          : addDescriptor(-9, org.hibernate.type.descriptor.sql.internal.CapacityDependentDdlType@430aae8e) replaced previous registration(org.hibernate.type.descriptor.sql.internal.CapacityDependentDdlType@78504ce9)
2025-06-29T09:02:05.223-05:00 DEBUG 23172 --- [           main] o.h.t.d.sql.spi.DdlTypeRegistry          : addDescriptor(-3, org.hibernate.type.descriptor.sql.internal.CapacityDependentDdlType@4e52d2f2) replaced previous registration(org.hibernate.type.descriptor.sql.internal.CapacityDependentDdlType@12608986)
2025-06-29T09:02:05.224-05:00 DEBUG 23172 --- [           main] o.h.t.d.sql.spi.DdlTypeRegistry          : addDescriptor(4003, org.hibernate.type.descriptor.sql.internal.DdlTypeImpl@4882b9a) replaced previous registration(org.hibernate.type.descriptor.sql.internal.DdlTypeImpl@7ec508e6)
2025-06-29T09:02:05.224-05:00 DEBUG 23172 --- [           main] o.h.t.d.sql.spi.DdlTypeRegistry          : addDescriptor(4001, org.hibernate.type.descriptor.sql.internal.DdlTypeImpl@26d8908e) replaced previous registration(org.hibernate.type.descriptor.sql.internal.DdlTypeImpl@30e2016a)
2025-06-29T09:02:05.224-05:00 DEBUG 23172 --- [           main] o.h.t.d.sql.spi.DdlTypeRegistry          : addDescriptor(4002, org.hibernate.type.descriptor.sql.internal.DdlTypeImpl@75f32817) replaced previous registration(org.hibernate.type.descriptor.sql.internal.DdlTypeImpl@23a78c77)
2025-06-29T09:02:05.224-05:00 DEBUG 23172 --- [           main] o.h.t.d.sql.spi.DdlTypeRegistry          : addDescriptor(2004, org.hibernate.type.descriptor.sql.internal.CapacityDependentDdlType@4119346d) replaced previous registration(org.hibernate.type.descriptor.sql.internal.DdlTypeImpl@61d09475)
2025-06-29T09:02:05.224-05:00 DEBUG 23172 --- [           main] o.h.t.d.sql.spi.DdlTypeRegistry          : addDescriptor(2005, org.hibernate.type.descriptor.sql.internal.CapacityDependentDdlType@d0fabc8) replaced previous registration(org.hibernate.type.descriptor.sql.internal.DdlTypeImpl@12d44a2a)
2025-06-29T09:02:05.225-05:00 DEBUG 23172 --- [           main] o.h.t.d.sql.spi.DdlTypeRegistry          : addDescriptor(2011, org.hibernate.type.descriptor.sql.internal.CapacityDependentDdlType@1a66be41) replaced previous registration(org.hibernate.type.descriptor.sql.internal.DdlTypeImpl@7f70e244)
2025-06-29T09:02:05.231-05:00 DEBUG 23172 --- [           main] o.h.t.d.jdbc.spi.JdbcTypeRegistry        : addDescriptor(NCharTypeDescriptor) replaced previous registration(CharTypeDescriptor)
2025-06-29T09:02:05.231-05:00 DEBUG 23172 --- [           main] o.h.t.d.jdbc.spi.JdbcTypeRegistry        : addDescriptor(NVarcharTypeDescriptor) replaced previous registration(VarcharTypeDescriptor)
2025-06-29T09:02:05.232-05:00 DEBUG 23172 --- [           main] o.h.t.d.jdbc.spi.JdbcTypeRegistry        : addDescriptor(LongNVarcharTypeDescriptor) replaced previous registration(LongVarcharTypeDescriptor)
2025-06-29T09:02:05.240-05:00 DEBUG 23172 --- [           main] o.h.t.d.jdbc.spi.JdbcTypeRegistry        : addDescriptor(NClobTypeDescriptor(DEFAULT)) replaced previous registration(ClobTypeDescriptor(DEFAULT))
2025-06-29T09:02:05.246-05:00 DEBUG 23172 --- [           main] org.hibernate.type.BasicTypeRegistry     : Adding type registration null -> org.hibernate.type.NullType@66e12c3b
2025-06-29T09:02:05.246-05:00 DEBUG 23172 --- [           main] org.hibernate.type.BasicTypeRegistry     : Type registration key [null] overrode previous entry : `org.hibernate.type.NullType@629075f4`
2025-06-29T09:02:05.257-05:00 DEBUG 23172 --- [           main] org.hibernate.type.BasicTypeRegistry     : Adding type registration org.hibernate.type.DurationType -> basicType@1(java.time.Duration,3015)
2025-06-29T09:02:05.258-05:00 DEBUG 23172 --- [           main] org.hibernate.type.BasicTypeRegistry     : Adding type registration Duration -> basicType@1(java.time.Duration,3015)
2025-06-29T09:02:05.258-05:00 DEBUG 23172 --- [           main] org.hibernate.type.BasicTypeRegistry     : Adding type registration java.time.Duration -> basicType@1(java.time.Duration,3015)
2025-06-29T09:02:05.265-05:00 DEBUG 23172 --- [           main] org.hibernate.type.BasicTypeRegistry     : Adding type registration org.hibernate.type.OffsetDateTimeType -> basicType@2(java.time.OffsetDateTime,3003)
2025-06-29T09:02:05.265-05:00 DEBUG 23172 --- [           main] org.hibernate.type.BasicTypeRegistry     : Adding type registration OffsetDateTime -> basicType@2(java.time.OffsetDateTime,3003)
2025-06-29T09:02:05.265-05:00 DEBUG 23172 --- [           main] org.hibernate.type.BasicTypeRegistry     : Adding type registration java.time.OffsetDateTime -> basicType@2(java.time.OffsetDateTime,3003)
2025-06-29T09:02:05.265-05:00 DEBUG 23172 --- [           main] org.hibernate.type.BasicTypeRegistry     : Adding type registration org.hibernate.type.ZonedDateTimeType -> basicType@3(java.time.ZonedDateTime,3003)
2025-06-29T09:02:05.265-05:00 DEBUG 23172 --- [           main] org.hibernate.type.BasicTypeRegistry     : Adding type registration ZonedDateTime -> basicType@3(java.time.ZonedDateTime,3003)
2025-06-29T09:02:05.265-05:00 DEBUG 23172 --- [           main] org.hibernate.type.BasicTypeRegistry     : Adding type registration java.time.ZonedDateTime -> basicType@3(java.time.ZonedDateTime,3003)
2025-06-29T09:02:05.266-05:00 DEBUG 23172 --- [           main] org.hibernate.type.BasicTypeRegistry     : Adding type registration org.hibernate.type.OffsetTimeType -> basicType@4(java.time.OffsetTime,3007)
2025-06-29T09:02:05.266-05:00 DEBUG 23172 --- [           main] org.hibernate.type.BasicTypeRegistry     : Adding type registration OffsetTime -> basicType@4(java.time.OffsetTime,3007)
2025-06-29T09:02:05.266-05:00 DEBUG 23172 --- [           main] org.hibernate.type.BasicTypeRegistry     : Adding type registration java.time.OffsetTime -> basicType@4(java.time.OffsetTime,3007)
2025-06-29T09:02:05.271-05:00 DEBUG 23172 --- [           main] o.h.type.spi.TypeConfiguration$Scope     : Scoping TypeConfiguration [org.hibernate.type.spi.TypeConfiguration@283bb8b7] to MetadataBuildingContext [org.hibernate.boot.internal.MetadataBuildingContextRootImpl@25e95af1]
2025-06-29T09:02:07.590-05:00  INFO 23172 --- [           main] o.h.e.t.j.p.i.JtaPlatformInitiator       : HHH000489: No JTA platform available (set 'hibernate.transaction.jta.platform' to enable JTA platform integration)
2025-06-29T09:02:07.591-05:00 DEBUG 23172 --- [           main] o.h.type.spi.TypeConfiguration$Scope     : Scoping TypeConfiguration [org.hibernate.type.spi.TypeConfiguration@283bb8b7] to SessionFactoryImplementor [org.hibernate.internal.SessionFactoryImpl@726e29d]
2025-06-29T09:02:07.759-05:00 TRACE 23172 --- [           main] o.h.type.spi.TypeConfiguration$Scope     : Handling #sessionFactoryCreated from [org.hibernate.internal.SessionFactoryImpl@726e29d] for TypeConfiguration
2025-06-29T09:02:07.760-05:00  INFO 23172 --- [           main] j.LocalContainerEntityManagerFactoryBean : Initialized JPA EntityManagerFactory for persistence unit 'default'
2025-06-29T09:02:08.486-05:00  WARN 23172 --- [           main] JpaBaseConfiguration$JpaWebConfiguration : spring.jpa.open-in-view is enabled by default. Therefore, database queries may be performed during view rendering. Explicitly configure spring.jpa.open-in-view to disable this warning
2025-06-29T09:02:08.547-05:00  INFO 23172 --- [           main] r$InitializeUserDetailsManagerConfigurer : Global AuthenticationManager configured with UserDetailsService bean with name userDateilServiceImple
2025-06-29T09:02:09.912-05:00  INFO 23172 --- [           main] B.BoutiqueOnlineApplicationTests         : Started BoutiqueOnlineApplicationTests in 10.148 seconds (process running for 12.775)
]]></system-out>
  </testcase>
</testsuite>